AtomicSubstitutions(): Performing substitution 1 (Cu -> -1)
AtomicSubstitutions(): Initial structure set contains 1 structure(s)
AtomicSubstitutions(): Substituted structure set contains 2 structure(s)

   Spacegroup    |   # Structures   |     # Unique    
------------------------------------------------------
81  P-4          |               16 |                2

AtomicSubstitutions(): Performing substitution 2 (Zn -> -2)
AtomicSubstitutions(): Initial structure set contains 2 structure(s)
AtomicSubstitutions(): Substituted structure set contains 6 structure(s)

   Spacegroup    |   # Structures   |     # Unique    
------------------------------------------------------
81  P-4          |               16 |                2
3   P2           |               16 |                1
1   P1           |               96 |                3

AtomicSubstitutions(): Performing substitution 3 (Cu -> -1)
AtomicSubstitutions(): Initial structure set contains 6 structure(s)
AtomicSubstitutions(): Substituted structure set contains 64 structure(s)
AtomicSubstitutions(): Merging removed 30 structure(s)

   Spacegroup    |   # Structures   |     # Unique    
------------------------------------------------------
81  P-4          |               32 |                2
3   P2           |              160 |                5
1   P1           |            1,728 |               27

AtomicSubstitutions(): Performing substitution 4 (Zn -> -2)
AtomicSubstitutions(): Initial structure set contains 34 structure(s)
AtomicSubstitutions(): Substituted structure set contains 220 structure(s)
AtomicSubstitutions(): Merging removed 98 structure(s)

   Spacegroup    |   # Structures   |     # Unique    
------------------------------------------------------
81  P-4          |               32 |                2
4   P2_1         |              512 |                8
3   P2           |              928 |               17
1   P1           |           11,968 |               95

AtomicSubstitutions(): All substitutions performed.

  Substitution   |  # Structures   | sum(Degeneracy) |  Permutations  
----------------------------------------------------------------------
0   None         |               1 |               1 |               1
1   Cu   -> -1   |               - |               - |              16
2   Zn   -> -2   |               6 |             128 |             128
3   Cu   -> -1   |               - |               - |           1,920
4   Zn   -> -2   |             122 |          13,440 |          13,440

AntisiteDefects(): Post processing defect set 1.

   Spacegroup    |   # Structures   |     # Unique    
------------------------------------------------------
81  P-4          |               16 |                2
3   P2           |               16 |                1
1   P1           |               96 |                3

AntisiteDefects(): Post processing defect set 2.

   Spacegroup    |   # Structures   |     # Unique    
------------------------------------------------------
81  P-4          |               32 |                2
4   P2_1         |              512 |                8
3   P2           |              928 |               17
1   P1           |           11,968 |               95

