AtomicSubstitutions(): Performing substitution 1 (S -> Se)
AtomicSubstitutions(): Initial structure set contains 1 structure(s)
AtomicSubstitutions(): Substituted structure set contains 1 structure(s)

   Spacegroup    |   # Structures   |     # Unique    
------------------------------------------------------
6   Pm           |               16 |                1

AtomicSubstitutions(): Performing substitution 2 (S -> Se)
AtomicSubstitutions(): Initial structure set contains 1 structure(s)
AtomicSubstitutions(): Substituted structure set contains 11 structure(s)
AtomicSubstitutions(): Merging removed 1 structure(s)

   Spacegroup    |   # Structures   |     # Unique    
------------------------------------------------------
31  Pmn2_1       |               32 |                2
26  Pmc2_1       |               32 |                2
8   Cm           |               16 |                1
6   Pm           |               32 |                2
2   P-1          |               64 |                2
1   P1           |               64 |                1

AtomicSubstitutions(): Performing substitution 3 (S -> Se)
AtomicSubstitutions(): Initial structure set contains 10 structure(s)
AtomicSubstitutions(): Substituted structure set contains 65 structure(s)
AtomicSubstitutions(): Merging removed 42 structure(s)

   Spacegroup    |   # Structures   |     # Unique    
------------------------------------------------------
6   Pm           |            1,056 |               11
1   P1           |            2,304 |               12

AtomicSubstitutions(): Performing substitution 4 (S -> Se)
AtomicSubstitutions(): Initial structure set contains 23 structure(s)
AtomicSubstitutions(): Substituted structure set contains 259 structure(s)
AtomicSubstitutions(): Merging removed 174 structure(s)

   Spacegroup    |   # Structures   |     # Unique    
------------------------------------------------------
36  Cmc2_1       |              192 |                2
31  Pmn2_1       |               96 |                1
26  Pmc2_1       |              288 |                3
11  P2_1/m       |              192 |                2
7   Pc           |            2,496 |                7
6   Pm           |            7,584 |               21
4   P2_1         |            1,728 |                5
2   P-1          |            1,920 |                6
1   P1           |           29,184 |               38

AtomicSubstitutions(): Performing substitution 5 (S -> Se)
AtomicSubstitutions(): Initial structure set contains 85 structure(s)
AtomicSubstitutions(): Substituted structure set contains 745 structure(s)
AtomicSubstitutions(): Merging removed 588 structure(s)

   Spacegroup    |   # Structures   |     # Unique    
------------------------------------------------------
6   Pm           |           78,720 |               41
1   P1           |          445,440 |              116

AtomicSubstitutions(): Performing substitution 6 (S -> Se)
AtomicSubstitutions(): Initial structure set contains 157 structure(s)
AtomicSubstitutions(): Substituted structure set contains 1603 structure(s)
AtomicSubstitutions(): Merging removed 1293 structure(s)

   Spacegroup    |   # Structures   |     # Unique    
------------------------------------------------------
31  Pmn2_1       |           34,560 |                6
26  Pmc2_1       |           34,560 |                6
8   Cm           |           17,280 |                3
7   Pc           |          138,240 |               12
6   Pm           |          564,480 |               54
4   P2_1         |           92,160 |                8
2   P-1          |          161,280 |               14
1   P1           |        4,723,200 |              207

AtomicSubstitutions(): Performing substitution 7 (S -> Se)
AtomicSubstitutions(): Initial structure set contains 310 structure(s)
AtomicSubstitutions(): Substituted structure set contains 2641 structure(s)
