AtomicSubstitutions(): Performing substitution 1 (Cu -> None)
AtomicSubstitutions(): Initial structure set contains 1 structure(s)
AtomicSubstitutions(): Substituted structure set contains 2 structure(s)
AtomicSubstitutions(): Merging removed 1 structure(s)

   Spacegroup    |   # Structures   |     # Unique    
------------------------------------------------------
81  P-4          |               16 |                1

AtomicSubstitutions(): Performing substitution 2 (Cu -> None)
AtomicSubstitutions(): Initial structure set contains 1 structure(s)
AtomicSubstitutions(): Substituted structure set contains 5 structure(s)

   Spacegroup    |   # Structures   |     # Unique    
------------------------------------------------------
81  P-4          |               16 |                1
4   P2_1         |               64 |                1
3   P2           |               32 |                1
1   P1           |              128 |                2

AtomicSubstitutions(): All substitutions performed.

  Substitution   |  # Structures   | sum(Degeneracy) |  Permutations  
----------------------------------------------------------------------
0   None         |               1 |               1 |               1
1   Cu   -> None |               1 |              16 |              16
2   Cu   -> None |               5 |             240 |             240

AtomicSubstitutions(): Performing substitution 1 (Zn -> None)
AtomicSubstitutions(): Initial structure set contains 1 structure(s)
AtomicSubstitutions(): Substituted structure set contains 1 structure(s)

   Spacegroup    |   # Structures   |     # Unique    
------------------------------------------------------
81  P-4          |                8 |                1

AtomicSubstitutions(): All substitutions performed.

  Substitution   |  # Structures   | sum(Degeneracy) |  Permutations  
----------------------------------------------------------------------
0   None         |               1 |               1 |               1
1   Zn   -> None |               1 |               8 |               8

AtomicSubstitutions(): Performing substitution 1 (Sn -> None)
AtomicSubstitutions(): Initial structure set contains 1 structure(s)
AtomicSubstitutions(): Substituted structure set contains 1 structure(s)

   Spacegroup    |   # Structures   |     # Unique    
------------------------------------------------------
81  P-4          |                8 |                1

AtomicSubstitutions(): All substitutions performed.

  Substitution   |  # Structures   | sum(Degeneracy) |  Permutations  
----------------------------------------------------------------------
0   None         |               1 |               1 |               1
1   Sn   -> None |               1 |               8 |               8

AtomicSubstitutions(): Performing substitution 1 (S -> None)
AtomicSubstitutions(): Initial structure set contains 1 structure(s)
AtomicSubstitutions(): Substituted structure set contains 1 structure(s)

   Spacegroup    |   # Structures   |     # Unique    
------------------------------------------------------
1   P1           |               32 |                1

AtomicSubstitutions(): Performing substitution 2 (S -> None)
AtomicSubstitutions(): Initial structure set contains 1 structure(s)
AtomicSubstitutions(): Substituted structure set contains 31 structure(s)
AtomicSubstitutions(): Merging removed 15 structure(s)

   Spacegroup    |   # Structures   |     # Unique    
------------------------------------------------------
4   P2_1         |              128 |                2
3   P2           |              128 |                2
1   P1           |              736 |               12

AtomicSubstitutions(): Performing substitution 3 (S -> None)
AtomicSubstitutions(): Initial structure set contains 16 structure(s)
AtomicSubstitutions(): Substituted structure set contains 390 structure(s)
AtomicSubstitutions(): Merging removed 277 structure(s)

   Spacegroup    |   # Structures   |     # Unique    
------------------------------------------------------
1   P1           |           29,760 |              113

AtomicSubstitutions(): Performing substitution 4 (S -> None)
AtomicSubstitutions(): Initial structure set contains 113 structure(s)
AtomicSubstitutions(): Substituted structure set contains 3277 structure(s)
AtomicSubstitutions(): Merging removed 2638 structure(s)

   Spacegroup    |   # Structures   |     # Unique    
------------------------------------------------------
81  P-4          |            3,072 |                2
4   P2_1         |            8,064 |                7
3   P2           |           17,664 |               13
1   P1           |          834,240 |              617

AtomicSubstitutions(): All substitutions performed.

  Substitution   |  # Structures   | sum(Degeneracy) |  Permutations  
----------------------------------------------------------------------
0   None         |               1 |               1 |               1
1   S    -> None |               1 |              32 |              32
2   S    -> None |              16 |             992 |             992
3   S    -> None |             113 |          29,760 |          29,760
4   S    -> None |             639 |         863,040 |         863,040

AtomicSubstitutions(): Performing substitution 1 (Cu -> None)
AtomicSubstitutions(): Initial structure set contains 1 structure(s)
AtomicSubstitutions(): Substituted structure set contains 2 structure(s)
AtomicSubstitutions(): Merging removed 1 structure(s)

   Spacegroup    |   # Structures   |     # Unique    
------------------------------------------------------
81  P-4          |               16 |                1

AtomicSubstitutions(): Performing substitution 2 (Cu -> None)
AtomicSubstitutions(): Initial structure set contains 1 structure(s)
AtomicSubstitutions(): Substituted structure set contains 5 structure(s)

   Spacegroup    |   # Structures   |     # Unique    
------------------------------------------------------
81  P-4          |               16 |                1
4   P2_1         |               64 |                1
3   P2           |               32 |                1
1   P1           |              128 |                2

AtomicSubstitutions(): Performing substitution 3 (S -> None)
AtomicSubstitutions(): Initial structure set contains 5 structure(s)
AtomicSubstitutions(): Substituted structure set contains 92 structure(s)
AtomicSubstitutions(): Merging removed 42 structure(s)

   Spacegroup    |   # Structures   |     # Unique    
------------------------------------------------------
1   P1           |            7,680 |               50

AtomicSubstitutions(): All substitutions performed.

  Substitution   |  # Structures   | sum(Degeneracy) |  Permutations  
----------------------------------------------------------------------
0   None         |               1 |               1 |               1
1   Cu   -> None |               - |               - |              16
2   Cu   -> None |               - |               - |             240
3   S    -> None |              50 |           7,680 |           7,680

AtomicSubstitutions(): Performing substitution 1 (Zn -> None)
AtomicSubstitutions(): Initial structure set contains 1 structure(s)
AtomicSubstitutions(): Substituted structure set contains 1 structure(s)

   Spacegroup    |   # Structures   |     # Unique    
------------------------------------------------------
81  P-4          |                8 |                1

AtomicSubstitutions(): Performing substitution 2 (S -> None)
AtomicSubstitutions(): Initial structure set contains 1 structure(s)
AtomicSubstitutions(): Substituted structure set contains 8 structure(s)
AtomicSubstitutions(): Merging removed 2 structure(s)

   Spacegroup    |   # Structures   |     # Unique    
------------------------------------------------------
1   P1           |              256 |                6

AtomicSubstitutions(): All substitutions performed.

  Substitution   |  # Structures   | sum(Degeneracy) |  Permutations  
----------------------------------------------------------------------
0   None         |               1 |               1 |               1
1   Zn   -> None |               - |               - |               8
2   S    -> None |               6 |             256 |             256

AtomicSubstitutions(): Performing substitution 1 (Sn -> None)
AtomicSubstitutions(): Initial structure set contains 1 structure(s)
AtomicSubstitutions(): Substituted structure set contains 1 structure(s)

   Spacegroup    |   # Structures   |     # Unique    
------------------------------------------------------
81  P-4          |                8 |                1

AtomicSubstitutions(): Performing substitution 2 (S -> None)
AtomicSubstitutions(): Initial structure set contains 1 structure(s)
AtomicSubstitutions(): Substituted structure set contains 8 structure(s)
AtomicSubstitutions(): Merging removed 2 structure(s)

   Spacegroup    |   # Structures   |     # Unique    
------------------------------------------------------
1   P1           |              256 |                6

AtomicSubstitutions(): Performing substitution 3 (S -> None)
AtomicSubstitutions(): Initial structure set contains 6 structure(s)
AtomicSubstitutions(): Substituted structure set contains 186 structure(s)
AtomicSubstitutions(): Merging removed 103 structure(s)

   Spacegroup    |   # Structures   |     # Unique    
------------------------------------------------------
3   P2           |              128 |                2
1   P1           |            7,808 |               81

AtomicSubstitutions(): All substitutions performed.

  Substitution   |  # Structures   | sum(Degeneracy) |  Permutations  
----------------------------------------------------------------------
0   None         |               1 |               1 |               1
1   Sn   -> None |               - |               - |               8
2   S    -> None |               - |               - |             256
3   S    -> None |              83 |           7,936 |           7,936

