AtomicSubstitutions(): Performing substitution 1 (Cu -> None)
AtomicSubstitutions(): Initial structure set contains 1 structure(s)
AtomicSubstitutions(): Substituted structure set contains 2 structure(s)
AtomicSubstitutions(): Merging removed 1 structure(s)

   Spacegroup    |   # Structures   |     # Unique    
------------------------------------------------------
81  P-4          |               16 |                1

AtomicSubstitutions(): Performing substitution 2 (Cu -> None)
AtomicSubstitutions(): Initial structure set contains 1 structure(s)
AtomicSubstitutions(): Substituted structure set contains 5 structure(s)
AtomicSubstitutions(): Merging removed 1 structure(s)

   Spacegroup    |   # Structures   |     # Unique    
------------------------------------------------------
81  P-4          |               16 |                1
3   P2           |               32 |                1
1   P1           |              192 |                2

AtomicSubstitutions(): All substitutions performed.

  Substitution   |  # Structures   | sum(Degeneracy) |  Permutations  
----------------------------------------------------------------------
0   None         |               1 |               1 |               1
1   Cu   -> None |               1 |              16 |              16
2   Cu   -> None |               4 |             240 |             240

AtomicSubstitutions(): Performing substitution 1 (Zn -> None)
AtomicSubstitutions(): Initial structure set contains 1 structure(s)
AtomicSubstitutions(): Substituted structure set contains 1 structure(s)

   Spacegroup    |   # Structures   |     # Unique    
------------------------------------------------------
81  P-4          |                8 |                1

AtomicSubstitutions(): All substitutions performed.

  Substitution   |  # Structures   | sum(Degeneracy) |  Permutations  
----------------------------------------------------------------------
0   None         |               1 |               1 |               1
1   Zn   -> None |               1 |               8 |               8

AtomicSubstitutions(): Performing substitution 1 (Sn -> None)
AtomicSubstitutions(): Initial structure set contains 1 structure(s)
AtomicSubstitutions(): Substituted structure set contains 1 structure(s)

   Spacegroup    |   # Structures   |     # Unique    
------------------------------------------------------
81  P-4          |                8 |                1

AtomicSubstitutions(): All substitutions performed.

  Substitution   |  # Structures   | sum(Degeneracy) |  Permutations  
----------------------------------------------------------------------
0   None         |               1 |               1 |               1
1   Sn   -> None |               1 |               8 |               8

AtomicSubstitutions(): Performing substitution 1 (S -> None)
AtomicSubstitutions(): Initial structure set contains 1 structure(s)
AtomicSubstitutions(): Substituted structure set contains 1 structure(s)

   Spacegroup    |   # Structures   |     # Unique    
------------------------------------------------------
1   P1           |               32 |                1

AtomicSubstitutions(): Performing substitution 2 (S -> None)
AtomicSubstitutions(): Initial structure set contains 1 structure(s)
AtomicSubstitutions(): Substituted structure set contains 31 structure(s)
AtomicSubstitutions(): Merging removed 17 structure(s)

   Spacegroup    |   # Structures   |     # Unique    
------------------------------------------------------
4   P2_1         |              128 |                2
3   P2           |              128 |                2
1   P1           |              736 |               10

AtomicSubstitutions(): Performing substitution 3 (S -> None)
AtomicSubstitutions(): Initial structure set contains 14 structure(s)
AtomicSubstitutions(): Substituted structure set contains 330 structure(s)
AtomicSubstitutions(): Merging removed 247 structure(s)

   Spacegroup    |   # Structures   |     # Unique    
------------------------------------------------------
1   P1           |           29,760 |               83

AtomicSubstitutions(): Performing substitution 4 (S -> None)
AtomicSubstitutions(): Initial structure set contains 83 structure(s)
AtomicSubstitutions(): Substituted structure set contains 2407 structure(s)
AtomicSubstitutions(): Merging removed 1952 structure(s)

   Spacegroup    |   # Structures   |     # Unique    
------------------------------------------------------
81  P-4          |            2,304 |                2
4   P2_1         |            4,992 |                6
3   P2           |           17,536 |               13
1   P1           |          838,208 |              434

AtomicSubstitutions(): All substitutions performed.

  Substitution   |  # Structures   | sum(Degeneracy) |  Permutations  
----------------------------------------------------------------------
0   None         |               1 |               1 |               1
1   S    -> None |               1 |              32 |              32
2   S    -> None |              14 |             992 |             992
3   S    -> None |              83 |          29,760 |          29,760
4   S    -> None |             455 |         863,040 |         863,040

AtomicSubstitutions(): Performing substitution 1 (Cu -> None)
AtomicSubstitutions(): Initial structure set contains 1 structure(s)
AtomicSubstitutions(): Substituted structure set contains 2 structure(s)
AtomicSubstitutions(): Merging removed 1 structure(s)

   Spacegroup    |   # Structures   |     # Unique    
------------------------------------------------------
81  P-4          |               16 |                1

AtomicSubstitutions(): Performing substitution 2 (Cu -> None)
AtomicSubstitutions(): Initial structure set contains 1 structure(s)
AtomicSubstitutions(): Substituted structure set contains 5 structure(s)
AtomicSubstitutions(): Merging removed 1 structure(s)

   Spacegroup    |   # Structures   |     # Unique    
------------------------------------------------------
81  P-4          |               16 |                1
3   P2           |               32 |                1
1   P1           |              192 |                2

AtomicSubstitutions(): Performing substitution 3 (S -> None)
AtomicSubstitutions(): Initial structure set contains 4 structure(s)
AtomicSubstitutions(): Substituted structure set contains 76 structure(s)
AtomicSubstitutions(): Merging removed 34 structure(s)

   Spacegroup    |   # Structures   |     # Unique    
------------------------------------------------------
1   P1           |            7,680 |               42

AtomicSubstitutions(): All substitutions performed.

  Substitution   |  # Structures   | sum(Degeneracy) |  Permutations  
----------------------------------------------------------------------
0   None         |               1 |               1 |               1
1   Cu   -> None |               - |               - |              16
2   Cu   -> None |               - |               - |             240
3   S    -> None |              42 |           7,680 |           7,680

AtomicSubstitutions(): Performing substitution 1 (Zn -> None)
AtomicSubstitutions(): Initial structure set contains 1 structure(s)
AtomicSubstitutions(): Substituted structure set contains 1 structure(s)

   Spacegroup    |   # Structures   |     # Unique    
------------------------------------------------------
81  P-4          |                8 |                1

AtomicSubstitutions(): Performing substitution 2 (S -> None)
AtomicSubstitutions(): Initial structure set contains 1 structure(s)
AtomicSubstitutions(): Substituted structure set contains 8 structure(s)
AtomicSubstitutions(): Merging removed 4 structure(s)

   Spacegroup    |   # Structures   |     # Unique    
------------------------------------------------------
1   P1           |              256 |                4

AtomicSubstitutions(): All substitutions performed.

  Substitution   |  # Structures   | sum(Degeneracy) |  Permutations  
----------------------------------------------------------------------
0   None         |               1 |               1 |               1
1   Zn   -> None |               - |               - |               8
2   S    -> None |               4 |             256 |             256

AtomicSubstitutions(): Performing substitution 1 (Sn -> None)
AtomicSubstitutions(): Initial structure set contains 1 structure(s)
AtomicSubstitutions(): Substituted structure set contains 1 structure(s)

   Spacegroup    |   # Structures   |     # Unique    
------------------------------------------------------
81  P-4          |                8 |                1

AtomicSubstitutions(): Performing substitution 2 (S -> None)
AtomicSubstitutions(): Initial structure set contains 1 structure(s)
AtomicSubstitutions(): Substituted structure set contains 8 structure(s)
AtomicSubstitutions(): Merging removed 2 structure(s)

   Spacegroup    |   # Structures   |     # Unique    
------------------------------------------------------
1   P1           |              256 |                6

AtomicSubstitutions(): Performing substitution 3 (S -> None)
AtomicSubstitutions(): Initial structure set contains 6 structure(s)
AtomicSubstitutions(): Substituted structure set contains 186 structure(s)
AtomicSubstitutions(): Merging removed 107 structure(s)

   Spacegroup    |   # Structures   |     # Unique    
------------------------------------------------------
3   P2           |              128 |                2
1   P1           |            7,808 |               77

AtomicSubstitutions(): All substitutions performed.

  Substitution   |  # Structures   | sum(Degeneracy) |  Permutations  
----------------------------------------------------------------------
0   None         |               1 |               1 |               1
1   Sn   -> None |               - |               - |               8
2   S    -> None |               - |               - |             256
3   S    -> None |              79 |           7,936 |           7,936

